[debug] [2018-12-15T00:31:46.528Z] ----------------------------------------------------------------------
[debug] [2018-12-15T00:31:46.530Z] Command:       /Users/Chin/.nvm/versions/node/v9.2.1/bin/node /Users/Chin/.nvm/versions/node/v9.2.1/bin/firebase deploy --only functions
[debug] [2018-12-15T00:31:46.531Z] CLI Version:   4.2.1
[debug] [2018-12-15T00:31:46.531Z] Platform:      darwin
[debug] [2018-12-15T00:31:46.531Z] Node Version:  v9.2.1
[debug] [2018-12-15T00:31:46.531Z] Time:          Sat Dec 15 2018 07:31:46 GMT+0700 (+07)
[debug] [2018-12-15T00:31:46.531Z] ----------------------------------------------------------------------
[debug] 
[debug] [2018-12-15T00:31:46.542Z] > command requires scopes: ["email","openid","https://www.googleapis.com/auth/cloudplatformprojects.readonly","https://www.googleapis.com/auth/firebase","https://www.googleapis.com/auth/cloud-platform"]
[debug] [2018-12-15T00:31:46.542Z] > authorizing via signed-in user
[debug] [2018-12-15T00:31:46.544Z] >>> HTTP REQUEST GET https://admin.firebase.com/v1/projects/recoome-59e0e  
 
[debug] [2018-12-15T00:31:47.877Z] <<< HTTP RESPONSE 200
[info] 
[info] === Deploying to 'recoome-59e0e'...
[info] 
[info] i  deploying functions
[info] Running command: npm --prefix "$RESOURCE_DIR" run lint
[info] Running command: npm --prefix "$RESOURCE_DIR" run build
[info] ✔  functions: Finished running predeploy script.
[debug] [2018-12-15T00:31:55.356Z] > [functions] package.json contents: {
  "name": "functions",
  "scripts": {
    "lint": "tslint --project tsconfig.json",
    "build": "tsc",
    "serve": "npm run build && firebase serve --only functions",
    "shell": "npm run build && firebase functions:shell",
    "start": "npm run shell",
    "deploy": "firebase deploy --only functions",
    "logs": "firebase functions:log"
  },
  "main": "lib/index.js",
  "dependencies": {
    "body-parser": "^1.18.3",
    "cors": "^2.8.4",
    "cheerio": "^1.0.0-rc.2",
    "express": "^4.16.3",
    "firebase-admin": "~6.0.0",
    "firebase-functions": "^2.0.3",
    "request": "^2.88.0",
    "request-promise": "^4.2.2"
  },
  "devDependencies": {
    "tslint": "~5.8.0",
    "typescript": "~2.8.3"
  },
  "private": true
}
[info] i  functions: ensuring necessary APIs are enabled...
[debug] [2018-12-15T00:31:55.357Z] >>> HTTP REQUEST GET https://servicemanagement.googleapis.com/v1/services/cloudfunctions.googleapis.com/projectSettings/recoome-59e0e?view=CONSUMER_VIEW  
 
[debug] [2018-12-15T00:31:55.358Z] >>> HTTP REQUEST GET https://servicemanagement.googleapis.com/v1/services/runtimeconfig.googleapis.com/projectSettings/recoome-59e0e?view=CONSUMER_VIEW  
 
[debug] [2018-12-15T00:31:57.500Z] <<< HTTP RESPONSE 200
[debug] [2018-12-15T00:31:57.568Z] <<< HTTP RESPONSE 200
[info] ✔  functions: all necessary APIs are enabled
[debug] [2018-12-15T00:31:57.569Z] >>> HTTP REQUEST GET https://cloudresourcemanager.googleapis.com/v1/projects/recoome-59e0e  
 
[debug] [2018-12-15T00:31:59.135Z] <<< HTTP RESPONSE 200
[debug] [2018-12-15T00:31:59.135Z] >>> HTTP REQUEST GET https://mobilesdk-pa.googleapis.com/v1/projects/260459989030:getServerAppConfig  
 
[debug] [2018-12-15T00:31:59.646Z] <<< HTTP RESPONSE 200
[info] i  functions: preparing functions directory for uploading...
[debug] [2018-12-15T00:31:59.649Z] >>> HTTP REQUEST GET https://runtimeconfig.googleapis.com/v1beta1/projects/recoome-59e0e/configs  
 
[debug] [2018-12-15T00:32:00.261Z] <<< HTTP RESPONSE 200
[info] i  functions: packaged functions (49.67 KB) for uploading
[debug] [2018-12-15T00:32:00.690Z] >>> HTTP REQUEST POST https://cloudfunctions.googleapis.com/v1/projects/recoome-59e0e/locations/us-central1/functions:generateUploadUrl  
 
[debug] [2018-12-15T00:32:01.899Z] <<< HTTP RESPONSE 200
[debug] [2018-12-15T00:32:01.900Z] >>> HTTP REQUEST PUT https://storage.googleapis.com/gcf-upload-us-central1-124d67d4-347a-49f3-b748-73fff45d05a2/c55fac99-ecbb-4177-9cb1-235cd7e78c68.zip?GoogleAccessId=service-260459989030@gcf-admin-robot.iam.gserviceaccount.com&Expires=1544835721&Signature=JxW9DNO9pP7QhCWfazM4Y3hjR1Nhmprq9O%2BLx7P7hRfHieF%2BdQ44u557LtlZJ%2FGe0wbDJ%2FF07fp8G63GLXcLu7BxLoBD19%2FAwLeNJndAYVvmEFcR9dx7mn%2FPuTc7%2B8Vdh%2FPY8kv8ypcymAR96YoTipPsXAwrq6j5x3SacjSZusnzpRluJjoJeTn%2FG8uxSuaZCjbO%2BIwPnRlPQ6oi%2FiiM0jHyjjNJZkCiFv%2FFS6XiYXIMMkQO9YhH0JDv9A3luHNyuNF2fx2grCWNvtEUeDWrSegCV0w%2B2T06DAvzT9Dg9RSis8tIL%2F81nVh0lpC3gMF6LPT3guV0FMkPUdBirJ%2F42Q%3D%3D  

[debug] [2018-12-15T00:32:02.924Z] <<< HTTP RESPONSE 200
[info] ✔  functions: functions folder uploaded successfully
[debug] [2018-12-15T00:32:02.928Z] >>> HTTP REQUEST GET https://cloudfunctions.googleapis.com/v1/projects/recoome-59e0e/locations/-/functions  
 
[debug] [2018-12-15T00:32:04.972Z] <<< HTTP RESPONSE 200
[info] i  functions: updating Node.js 6 function api(us-central1)...
[debug] [2018-12-15T00:32:04.975Z] Trigger is:  {"httpsTrigger":{}}
[debug] [2018-12-15T00:32:04.976Z] >>> HTTP REQUEST PATCH https://cloudfunctions.googleapis.com/v1/projects/recoome-59e0e/locations/us-central1/functions/api 
query params: {"updateMask":"sourceUploadUrl,name,labels,httpsTrigger"} 

[debug] [2018-12-15T00:32:06.118Z] <<< HTTP RESPONSE 200
[debug] [2018-12-15T00:32:06.120Z] >>> HTTP REQUEST GET https://cloudfunctions.googleapis.com/v1/projects/recoome-59e0e/locations/-/functions  
 
[debug] [2018-12-15T00:32:08.863Z] <<< HTTP RESPONSE 200
[debug] [2018-12-15T00:32:08.864Z] >>> HTTP REQUEST GET https://cloudfunctions.googleapis.com/v1/operations/cmVjb29tZS01OWUwZS91cy1jZW50cmFsMS9hcGkvN3czaXBsUGVwTTA  
 
[debug] [2018-12-15T00:32:09.574Z] <<< HTTP RESPONSE 200
[debug] [2018-12-15T00:32:11.576Z] >>> HTTP REQUEST GET https://cloudfunctions.googleapis.com/v1/operations/cmVjb29tZS01OWUwZS91cy1jZW50cmFsMS9hcGkvN3czaXBsUGVwTTA  
 
[debug] [2018-12-15T00:32:12.344Z] <<< HTTP RESPONSE 200
[debug] [2018-12-15T00:32:14.344Z] >>> HTTP REQUEST GET https://cloudfunctions.googleapis.com/v1/operations/cmVjb29tZS01OWUwZS91cy1jZW50cmFsMS9hcGkvN3czaXBsUGVwTTA  
 
[debug] [2018-12-15T00:32:15.110Z] <<< HTTP RESPONSE 200
[debug] [2018-12-15T00:32:17.111Z] >>> HTTP REQUEST GET https://cloudfunctions.googleapis.com/v1/operations/cmVjb29tZS01OWUwZS91cy1jZW50cmFsMS9hcGkvN3czaXBsUGVwTTA  
 
[debug] [2018-12-15T00:32:17.873Z] <<< HTTP RESPONSE 200
[debug] [2018-12-15T00:32:19.875Z] >>> HTTP REQUEST GET https://cloudfunctions.googleapis.com/v1/operations/cmVjb29tZS01OWUwZS91cy1jZW50cmFsMS9hcGkvN3czaXBsUGVwTTA  
 
[debug] [2018-12-15T00:32:20.740Z] <<< HTTP RESPONSE 200
